Build started 10/06/2014 1:01:14 PM.
     1>Project "E:\ICS 4U1\Visual Studio 2012\Projects\ICS 4U CT\ct\ct\ct.vcxproj" on node 2 (Build target(s)).
     1>ClCompile:
         C:\Program Files\Microsoft Visual Studio 11.0\VC\bin\CL.exe /c /ZI /nologo /W3 /WX- /Od /Oy- /D WIN32 /D _DEBUG /D _CONSOLE /D _UNICODE /D UNICODE /Gm /EHsc /RTC1 /MDd /GS /fp:precise /Zc:wchar_t /Zc:forScope /Fo"Debug\\" /Fd"Debug\vc110.pdb" /Gd /TP /analyze- /errorReport:prompt Ct.cpp
         Ct.cpp
     1>e:\ics 4u1\visual studio 2012\projects\ics 4u ct\ct\ct\ct.cpp(104): warning C4996: 'fopen': This function or variable may be unsafe. Consider using fopen_s instead. To disable deprecation, use _CRT_SECURE_NO_WARNINGS. See online help for details.
                 c:\program files\microsoft visual studio 11.0\vc\include\stdio.h(218) : see declaration of 'fopen'
     1>e:\ics 4u1\visual studio 2012\projects\ics 4u ct\ct\ct\ct.cpp(94): warning C4101: 'l' : unreferenced local variable
     1>e:\ics 4u1\visual studio 2012\projects\ics 4u ct\ct\ct\ct.cpp(459): warning C4996: 'fopen': This function or variable may be unsafe. Consider using fopen_s instead. To disable deprecation, use _CRT_SECURE_NO_WARNINGS. See online help for details.
                 c:\program files\microsoft visual studio 11.0\vc\include\stdio.h(218) : see declaration of 'fopen'
     1>e:\ics 4u1\visual studio 2012\projects\ics 4u ct\ct\ct\ct.cpp(522): warning C4996: 'fopen': This function or variable may be unsafe. Consider using fopen_s instead. To disable deprecation, use _CRT_SECURE_NO_WARNINGS. See online help for details.
                 c:\program files\microsoft visual studio 11.0\vc\include\stdio.h(218) : see declaration of 'fopen'
     1>e:\ics 4u1\visual studio 2012\projects\ics 4u ct\ct\ct\ct.cpp(575): warning C4996: 'fopen': This function or variable may be unsafe. Consider using fopen_s instead. To disable deprecation, use _CRT_SECURE_NO_WARNINGS. See online help for details.
                 c:\program files\microsoft visual studio 11.0\vc\include\stdio.h(218) : see declaration of 'fopen'
     1>e:\ics 4u1\visual studio 2012\projects\ics 4u ct\ct\ct\ct.cpp(586): warning C4996: 'fopen': This function or variable may be unsafe. Consider using fopen_s instead. To disable deprecation, use _CRT_SECURE_NO_WARNINGS. See online help for details.
                 c:\program files\microsoft visual studio 11.0\vc\include\stdio.h(218) : see declaration of 'fopen'
     1>e:\ics 4u1\visual studio 2012\projects\ics 4u ct\ct\ct\ct.cpp(647): warning C4996: 'fopen': This function or variable may be unsafe. Consider using fopen_s instead. To disable deprecation, use _CRT_SECURE_NO_WARNINGS. See online help for details.
                 c:\program files\microsoft visual studio 11.0\vc\include\stdio.h(218) : see declaration of 'fopen'
     1>e:\ics 4u1\visual studio 2012\projects\ics 4u ct\ct\ct\ct.cpp(648): warning C4996: 'fopen': This function or variable may be unsafe. Consider using fopen_s instead. To disable deprecation, use _CRT_SECURE_NO_WARNINGS. See online help for details.
                 c:\program files\microsoft visual studio 11.0\vc\include\stdio.h(218) : see declaration of 'fopen'
     1>e:\ics 4u1\visual studio 2012\projects\ics 4u ct\ct\ct\ct.cpp(670): warning C4996: 'fopen': This function or variable may be unsafe. Consider using fopen_s instead. To disable deprecation, use _CRT_SECURE_NO_WARNINGS. See online help for details.
                 c:\program files\microsoft visual studio 11.0\vc\include\stdio.h(218) : see declaration of 'fopen'
     1>e:\ics 4u1\visual studio 2012\projects\ics 4u ct\ct\ct\ct.cpp(765): warning C4996: 'fopen': This function or variable may be unsafe. Consider using fopen_s instead. To disable deprecation, use _CRT_SECURE_NO_WARNINGS. See online help for details.
                 c:\program files\microsoft visual studio 11.0\vc\include\stdio.h(218) : see declaration of 'fopen'
     1>e:\ics 4u1\visual studio 2012\projects\ics 4u ct\ct\ct\ct.cpp(800): warning C4996: 'fopen': This function or variable may be unsafe. Consider using fopen_s instead. To disable deprecation, use _CRT_SECURE_NO_WARNINGS. See online help for details.
                 c:\program files\microsoft visual studio 11.0\vc\include\stdio.h(218) : see declaration of 'fopen'
     1>e:\ics 4u1\visual studio 2012\projects\ics 4u ct\ct\ct\ct.cpp(801): warning C4996: 'fopen': This function or variable may be unsafe. Consider using fopen_s instead. To disable deprecation, use _CRT_SECURE_NO_WARNINGS. See online help for details.
                 c:\program files\microsoft visual studio 11.0\vc\include\stdio.h(218) : see declaration of 'fopen'
     1>e:\ics 4u1\visual studio 2012\projects\ics 4u ct\ct\ct\ct.cpp(833): warning C4996: 'fopen': This function or variable may be unsafe. Consider using fopen_s instead. To disable deprecation, use _CRT_SECURE_NO_WARNINGS. See online help for details.
                 c:\program files\microsoft visual studio 11.0\vc\include\stdio.h(218) : see declaration of 'fopen'
     1>e:\ics 4u1\visual studio 2012\projects\ics 4u ct\ct\ct\ct.cpp(1969): warning C4996: 'fopen': This function or variable may be unsafe. Consider using fopen_s instead. To disable deprecation, use _CRT_SECURE_NO_WARNINGS. See online help for details.
                 c:\program files\microsoft visual studio 11.0\vc\include\stdio.h(218) : see declaration of 'fopen'
     1>e:\ics 4u1\visual studio 2012\projects\ics 4u ct\ct\ct\ct.cpp(1964): warning C4101: 'accountnum' : unreferenced local variable
     1>e:\ics 4u1\visual studio 2012\projects\ics 4u ct\ct\ct\ct.cpp(1961): warning C4101: 'temp' : unreferenced local variable
       Link:
         C:\Program Files\Microsoft Visual Studio 11.0\VC\bin\link.exe /ERRORREPORT:PROMPT /OUT:"H:\Documents\Visual Studio 2012\Projects\ICS 4U CT\ct\Debug\ct.exe" /INCREMENTAL /NOLOGO kernel32.lib user32.lib gdi32.lib winspool.lib comdlg32.lib advapi32.lib shell32.lib ole32.lib oleaut32.lib uuid.lib odbc32.lib odbccp32.lib /MANIFEST /MANIFESTUAC:"level='asInvoker' uiAccess='false'" /manifest:embed /DEBUG /PDB:"H:\Documents\Visual Studio 2012\Projects\ICS 4U CT\ct\Debug\ct.pdb" /SUBSYSTEM:CONSOLE /TLBID:1 /DYNAMICBASE /NXCOMPAT /IMPLIB:"H:\Documents\Visual Studio 2012\Projects\ICS 4U CT\ct\Debug\ct.lib" /MACHINE:X86 Debug\Ct.obj
         ct.vcxproj -> H:\Documents\Visual Studio 2012\Projects\ICS 4U CT\ct\Debug\ct.exe
     1>Done Building Project "E:\ICS 4U1\Visual Studio 2012\Projects\ICS 4U CT\ct\ct\ct.vcxproj" (Build target(s)).

Build succeeded.

Time Elapsed 00:00:10.14
