E:\ICS 4U1\VISUAL STUDIO 2012\PROJECTS\ICS 4U CT\MOORES\MOORES\MOORES\DEBUG\MOORES.OBJ
E:\ICS 4U1\VISUAL STUDIO 2012\PROJECTS\ICS 4U CT\MOORES\MOORES\MOORES\DEBUG\VC110.PDB
E:\ICS 4U1\VISUAL STUDIO 2012\PROJECTS\ICS 4U CT\MOORES\MOORES\DEBUG\MOORES.ILK
E:\ICS 4U1\VISUAL STUDIO 2012\PROJECTS\ICS 4U CT\MOORES\MOORES\DEBUG\MOORES.EXE
E:\ICS 4U1\VISUAL STUDIO 2012\PROJECTS\ICS 4U CT\MOORES\MOORES\DEBUG\MOORES.PDB
E:\ICS 4U1\Visual Studio 2012\Projects\ICS 4U CT\Moores\Moores\Moores\Debug\Moores.obj
E:\ICS 4U1\Visual Studio 2012\Projects\ICS 4U CT\Moores\Moores\Moores\Debug\cl.command.1.tlog
E:\ICS 4U1\Visual Studio 2012\Projects\ICS 4U CT\Moores\Moores\Moores\Debug\link-cvtres.read.1.tlog
E:\ICS 4U1\Visual Studio 2012\Projects\ICS 4U CT\Moores\Moores\Moores\Debug\link-cvtres.write.1.tlog
E:\ICS 4U1\Visual Studio 2012\Projects\ICS 4U CT\Moores\Moores\Moores\Debug\link-rc.read.1.tlog
E:\ICS 4U1\Visual Studio 2012\Projects\ICS 4U CT\Moores\Moores\Moores\Debug\link-rc.write.1.tlog
E:\ICS 4U1\Visual Studio 2012\Projects\ICS 4U CT\Moores\Moores\Moores\Debug\link.command.1.tlog
E:\ICS 4U1\Visual Studio 2012\Projects\ICS 4U CT\Moores\Moores\Moores\Debug\CL.read.1.tlog
E:\ICS 4U1\Visual Studio 2012\Projects\ICS 4U CT\Moores\Moores\Moores\Debug\link.read.1.tlog
E:\ICS 4U1\Visual Studio 2012\Projects\ICS 4U CT\Moores\Moores\Moores\Debug\CL.write.1.tlog
E:\ICS 4U1\Visual Studio 2012\Projects\ICS 4U CT\Moores\Moores\Moores\Debug\link.write.1.tlog
E:\ICS 4U1\Visual Studio 2012\Projects\ICS 4U CT\Moores\Moores\Moores\Debug\vc110.idb
E:\ICS 4U1\Visual Studio 2012\Projects\ICS 4U CT\Moores\Moores\Moores\Debug\vc110.pdb
E:\ICS 4U1\Visual Studio 2012\Projects\ICS 4U CT\Moores\Moores\Debug\Moores.pdb
E:\ICS 4U1\Visual Studio 2012\Projects\ICS 4U CT\Moores\Moores\Debug\Moores.exe
E:\ICS 4U1\Visual Studio 2012\Projects\ICS 4U CT\Moores\Moores\Debug\Moores.ilk
